[ 2015-03-31T14:14:36+08:00 ] 127.0.0.1 /m.php/UserObject
INFO: [ app_init ] --START--
INFO: Run Behavior\BuildLiteBehavior [ RunTime:0.000000s ]
INFO: [ app_init ] --END-- [ RunTime:0.000000s ]
INFO: [ app_begin ] --START--
INFO: Run Behavior\ReadHtmlCacheBehavior [ RunTime:0.000000s ]
INFO: [ app_begin ] --END-- [ RunTime:0.000000s ]
SQL: SHOW COLUMNS FROM `user_object` [ RunTime:0.0280s ]
INFO: [ view_parse ] --START--
INFO: [ template_filter ] --START--
INFO: Run Behavior\ContentReplaceBehavior [ RunTime:0.008001s ]
INFO: [ template_filter ] --END-- [ RunTime:0.008001s ]
INFO: Run Behavior\ParseTemplateBehavior [ RunTime:0.160009s ]
INFO: [ view_parse ] --END-- [ RunTime:0.160009s ]
INFO: [ view_filter ] --START--
INFO: Run Behavior\WriteHtmlCacheBehavior [ RunTime:0.002001s ]
INFO: [ view_filter ] --END-- [ RunTime:0.002001s ]
INFO: [ app_end ] --START--
INFO: Run Behavior\ShowPageTraceBehavior [ RunTime:0.001000s ]
INFO: [ app_end ] --END-- [ RunTime:0.001000s ]
NOTIC: [8] A session had already been started - ignoring session_start() D:\ZendServer\Apache2\htdocs\m.php 第 32 行.

[ 2015-03-31T14:14:38+08:00 ] 127.0.0.1 /m.php/UserObject/read?callback=jQuery19106273014987818897_1427782477072&_=1427782477073
INFO: [ app_init ] --START--
INFO: Run Behavior\BuildLiteBehavior [ RunTime:0.000000s ]
INFO: [ app_init ] --END-- [ RunTime:0.000000s ]
INFO: [ app_begin ] --START--
INFO: Run Behavior\ReadHtmlCacheBehavior [ RunTime:0.001001s ]
INFO: [ app_begin ] --END-- [ RunTime:0.001001s ]
SQL: SHOW COLUMNS FROM `user_object` [ RunTime:0.2310s ]
SQL: SHOW COLUMNS FROM `user_object` [ RunTime:0.0160s ]
SQL: SHOW COLUMNS FROM `object_category` [ RunTime:0.0190s ]
SQL: SHOW COLUMNS FROM `user` [ RunTime:0.0080s ]
SQL: SELECT User_object.id AS id,User_object.user_id AS user_id,User_object.cat_id AS cat_id,User_object.title AS title,User_object.description AS description,User_object.params AS params,User_object.price_day AS price_day,User_object.price_pledge AS price_pledge,User_object.quantity AS quantity,User_object.return_way AS return_way,User_object.send_way AS send_way,User_object.published_on AS published_on,User_object.modified_on AS modified_on,User_object.price_express AS price_express,User_object.contact_name AS contact_name,User_object.contact_number AS contact_number,User_object.address AS address,User_object.status AS status,User_object.removed AS removed,User_object.price_month AS price_month,User_object.invoice_type AS invoice_type,User_object.shortest_lease AS shortest_lease,Object_category.name AS cat_name,(case when user.phone_number is not null then user.phone_number else user.email_address end) AS user_name FROM user_object User_object  JOIN object_category Object_category ON object_category.id=user_object.cat_id  JOIN user User ON user.id = user_object.user_id  [ RunTime:0.0020s ]
INFO: [ app_end ] --START--
INFO: Run Behavior\ShowPageTraceBehavior [ RunTime:0.001000s ]
INFO: [ app_end ] --END-- [ RunTime:0.001000s ]
NOTIC: [8] A session had already been started - ignoring session_start() D:\ZendServer\Apache2\htdocs\m.php 第 32 行.

