[ 2015-03-24T09:11:27+08:00 ] 127.0.0.1 /
INFO: [ app_init ] --START--
INFO: Run Behavior\BuildLiteBehavior [ RunTime:0.000000s ]
INFO: [ app_init ] --END-- [ RunTime:0.010001s ]
INFO: [ app_begin ] --START--
INFO: Run Behavior\ReadHtmlCacheBehavior [ RunTime:0.028002s ]
INFO: [ app_begin ] --END-- [ RunTime:0.028002s ]
INFO: [ app_end ] --START--
INFO: Run Behavior\ShowPageTraceBehavior [ RunTime:0.004000s ]
INFO: [ app_end ] --END-- [ RunTime:0.004000s ]

[ 2015-03-24T09:11:29+08:00 ] 127.0.0.1 /favicon.ico
INFO: [ app_init ] --START--
INFO: Run Behavior\BuildLiteBehavior [ RunTime:0.000000s ]
INFO: [ app_init ] --END-- [ RunTime:0.000000s ]

[ 2015-03-24T09:11:29+08:00 ] 127.0.0.1 /favicon.ico
INFO: [ app_init ] --START--
INFO: Run Behavior\BuildLiteBehavior [ RunTime:0.000000s ]
INFO: [ app_init ] --END-- [ RunTime:0.000000s ]

[ 2015-03-24T09:12:26+08:00 ] 127.0.0.1 /tmecb/themes/ecmoban_suning/qq/images/qq.css
INFO: [ app_init ] --START--
INFO: Run Behavior\BuildLiteBehavior [ RunTime:0.000000s ]
INFO: [ app_init ] --END-- [ RunTime:0.000000s ]
INFO: [ app_begin ] --START--
INFO: Run Behavior\ReadHtmlCacheBehavior [ RunTime:0.000000s ]
INFO: [ app_begin ] --END-- [ RunTime:0.000000s ]
ERR: 无法加载控制器:Tmecb

[ 2015-03-24T09:12:26+08:00 ] 127.0.0.1 /tmecb/ecmoban_lizi/style.css
INFO: [ app_init ] --START--
INFO: Run Behavior\BuildLiteBehavior [ RunTime:0.000000s ]
INFO: [ app_init ] --END-- [ RunTime:0.000000s ]
INFO: [ app_begin ] --START--
INFO: Run Behavior\ReadHtmlCacheBehavior [ RunTime:0.000000s ]
INFO: [ app_begin ] --END-- [ RunTime:0.000000s ]
ERR: 无法加载控制器:Tmecb

[ 2015-03-24T09:12:26+08:00 ] 127.0.0.1 /tmecb/themes/ecmoban_suning/qq/images/qq.css
INFO: [ app_init ] --START--
INFO: Run Behavior\BuildLiteBehavior [ RunTime:0.000000s ]
INFO: [ app_init ] --END-- [ RunTime:0.000000s ]
INFO: [ app_begin ] --START--
INFO: Run Behavior\ReadHtmlCacheBehavior [ RunTime:0.000000s ]
INFO: [ app_begin ] --END-- [ RunTime:0.000000s ]
ERR: 无法加载控制器:Tmecb

[ 2015-03-24T09:12:26+08:00 ] 127.0.0.1 /tmecb/ecmoban_lizi/style.css
INFO: [ app_init ] --START--
INFO: Run Behavior\BuildLiteBehavior [ RunTime:0.000000s ]
INFO: [ app_init ] --END-- [ RunTime:0.000000s ]
INFO: [ app_begin ] --START--
INFO: Run Behavior\ReadHtmlCacheBehavior [ RunTime:0.000000s ]
INFO: [ app_begin ] --END-- [ RunTime:0.000000s ]
ERR: 无法加载控制器:Tmecb

[ 2015-03-24T09:12:26+08:00 ] 127.0.0.1 /tmecb/themes/ecmoban_lizi/images/header-ico.png
INFO: [ app_init ] --START--
INFO: Run Behavior\BuildLiteBehavior [ RunTime:0.000000s ]
INFO: [ app_init ] --END-- [ RunTime:0.000000s ]

[ 2015-03-24T09:12:33+08:00 ] 127.0.0.1 /
INFO: [ app_init ] --START--
INFO: Run Behavior\BuildLiteBehavior [ RunTime:0.000000s ]
INFO: [ app_init ] --END-- [ RunTime:0.000000s ]
INFO: [ app_begin ] --START--
INFO: Run Behavior\ReadHtmlCacheBehavior [ RunTime:0.000000s ]
INFO: [ app_begin ] --END-- [ RunTime:0.000000s ]
INFO: [ app_end ] --START--
INFO: Run Behavior\ShowPageTraceBehavior [ RunTime:0.000000s ]
INFO: [ app_end ] --END-- [ RunTime:0.000000s ]

[ 2015-03-24T09:13:11+08:00 ] 127.0.0.1 /tmecb/themes/ecmoban_suning/qq/images/qq.css
INFO: [ app_init ] --START--
INFO: Run Behavior\BuildLiteBehavior [ RunTime:0.000000s ]
INFO: [ app_init ] --END-- [ RunTime:0.000000s ]
INFO: [ app_begin ] --START--
INFO: Run Behavior\ReadHtmlCacheBehavior [ RunTime:0.000000s ]
INFO: [ app_begin ] --END-- [ RunTime:0.000000s ]
ERR: 无法加载控制器:Tmecb

[ 2015-03-24T09:13:11+08:00 ] 127.0.0.1 /tmecb/ecmoban_lizi/style.css
INFO: [ app_init ] --START--
INFO: Run Behavior\BuildLiteBehavior [ RunTime:0.000000s ]
INFO: [ app_init ] --END-- [ RunTime:0.000000s ]
INFO: [ app_begin ] --START--
INFO: Run Behavior\ReadHtmlCacheBehavior [ RunTime:0.000000s ]
INFO: [ app_begin ] --END-- [ RunTime:0.000000s ]
ERR: 无法加载控制器:Tmecb

[ 2015-03-24T09:13:11+08:00 ] 127.0.0.1 /tmecb/ecmoban_lizi/style.css
INFO: [ app_init ] --START--
INFO: Run Behavior\BuildLiteBehavior [ RunTime:0.000000s ]
INFO: [ app_init ] --END-- [ RunTime:0.000000s ]
INFO: [ app_begin ] --START--
INFO: Run Behavior\ReadHtmlCacheBehavior [ RunTime:0.000000s ]
INFO: [ app_begin ] --END-- [ RunTime:0.000000s ]
ERR: 无法加载控制器:Tmecb

[ 2015-03-24T09:13:11+08:00 ] 127.0.0.1 /tmecb/themes/ecmoban_lizi/images/header-ico.png
INFO: [ app_init ] --START--
INFO: Run Behavior\BuildLiteBehavior [ RunTime:0.000000s ]
INFO: [ app_init ] --END-- [ RunTime:0.000000s ]

[ 2015-03-24T16:33:46+08:00 ] 127.0.0.1 /Test/index
INFO: [ app_init ] --START--
INFO: Run Behavior\BuildLiteBehavior [ RunTime:0.000000s ]
INFO: [ app_init ] --END-- [ RunTime:0.036002s ]
INFO: [ app_begin ] --START--
INFO: Run Behavior\ReadHtmlCacheBehavior [ RunTime:0.001000s ]
INFO: [ app_begin ] --END-- [ RunTime:0.001000s ]
ERR: SQLSTATE[42S02]: Base table or view not found: 1146 La table 'py.user_bank_card' n'existe pas

[ 2015-03-24T16:33:50+08:00 ] 127.0.0.1 /favicon.ico
INFO: [ app_init ] --START--
INFO: Run Behavior\BuildLiteBehavior [ RunTime:0.000000s ]
INFO: [ app_init ] --END-- [ RunTime:0.000000s ]

[ 2015-03-24T16:33:50+08:00 ] 127.0.0.1 /favicon.ico
INFO: [ app_init ] --START--
INFO: Run Behavior\BuildLiteBehavior [ RunTime:0.000000s ]
INFO: [ app_init ] --END-- [ RunTime:0.000000s ]

[ 2015-03-24T16:37:47+08:00 ] 127.0.0.1 /Test/index
INFO: [ app_init ] --START--
INFO: Run Behavior\BuildLiteBehavior [ RunTime:0.000000s ]
INFO: [ app_init ] --END-- [ RunTime:0.001000s ]
INFO: [ app_begin ] --START--
INFO: Run Behavior\ReadHtmlCacheBehavior [ RunTime:0.001000s ]
INFO: [ app_begin ] --END-- [ RunTime:0.001000s ]
ERR: SQLSTATE[42S02]: Base table or view not found: 1146 La table 'py.user_bank_card' n'existe pas

[ 2015-03-24T16:38:15+08:00 ] 127.0.0.1 /Test/index?card_no=132456546
INFO: [ app_init ] --START--
INFO: Run Behavior\BuildLiteBehavior [ RunTime:0.000000s ]
INFO: [ app_init ] --END-- [ RunTime:0.000000s ]
INFO: [ app_begin ] --START--
INFO: Run Behavior\ReadHtmlCacheBehavior [ RunTime:0.000000s ]
INFO: [ app_begin ] --END-- [ RunTime:0.000000s ]
ERR: SQLSTATE[42S02]: Base table or view not found: 1146 La table 'py.user_bank_card' n'existe pas

[ 2015-03-24T16:40:12+08:00 ] 127.0.0.1 /Test/index?card_no=132456546
INFO: [ app_init ] --START--
INFO: Run Behavior\BuildLiteBehavior [ RunTime:0.000000s ]
INFO: [ app_init ] --END-- [ RunTime:0.001000s ]
INFO: [ app_begin ] --START--
INFO: Run Behavior\ReadHtmlCacheBehavior [ RunTime:0.000000s ]
INFO: [ app_begin ] --END-- [ RunTime:0.000000s ]
SQL: SHOW COLUMNS FROM `user_bank_card` [ RunTime:0.0350s ]
INFO: [ app_end ] --START--
INFO: Run Behavior\ShowPageTraceBehavior [ RunTime:0.007000s ]
INFO: [ app_end ] --END-- [ RunTime:0.007000s ]
NOTIC: [8] A session had already been started - ignoring session_start() D:\ZendServer\Apache2\htdocs\index.php 第 32 行.

[ 2015-03-24T16:40:44+08:00 ] 127.0.0.1 /Test/index?card_no=132456546&card_from=%E4%B8%AD%E5%9B%BD%E9%93%B6%E8%A1%8C
INFO: [ app_init ] --START--
INFO: Run Behavior\BuildLiteBehavior [ RunTime:0.000000s ]
INFO: [ app_init ] --END-- [ RunTime:0.000000s ]
INFO: [ app_begin ] --START--
INFO: Run Behavior\ReadHtmlCacheBehavior [ RunTime:0.001000s ]
INFO: [ app_begin ] --END-- [ RunTime:0.001000s ]
SQL: SHOW COLUMNS FROM `user_bank_card` [ RunTime:0.0190s ]
INFO: [ app_end ] --START--
INFO: Run Behavior\ShowPageTraceBehavior [ RunTime:0.000000s ]
INFO: [ app_end ] --END-- [ RunTime:0.001000s ]
NOTIC: [8] A session had already been started - ignoring session_start() D:\ZendServer\Apache2\htdocs\index.php 第 32 行.

[ 2015-03-24T16:40:54+08:00 ] 127.0.0.1 /Test/index?card_no=13245654654655&card_from=%E4%B8%AD%E5%9B%BD%E9%93%B6%E8%A1%8C
INFO: [ app_init ] --START--
INFO: Run Behavior\BuildLiteBehavior [ RunTime:0.000000s ]
INFO: [ app_init ] --END-- [ RunTime:0.000000s ]
INFO: [ app_begin ] --START--
INFO: Run Behavior\ReadHtmlCacheBehavior [ RunTime:0.000000s ]
INFO: [ app_begin ] --END-- [ RunTime:0.000000s ]
SQL: SHOW COLUMNS FROM `user_bank_card` [ RunTime:0.0170s ]
SQL: INSERT INTO `user_bank_card` (`card_no`,`card_from`,`user_id`) VALUES ('13245654654655','中国银行','5') [ RunTime:0.0310s ]
INFO: [ app_end ] --START--
INFO: Run Behavior\ShowPageTraceBehavior [ RunTime:0.000000s ]
INFO: [ app_end ] --END-- [ RunTime:0.000000s ]
NOTIC: [8] A session had already been started - ignoring session_start() D:\ZendServer\Apache2\htdocs\index.php 第 32 行.

[ 2015-03-24T16:41:51+08:00 ] 127.0.0.1 /Test/index?card_no=13245654654655&card_from=
INFO: [ app_init ] --START--
INFO: Run Behavior\BuildLiteBehavior [ RunTime:0.000000s ]
INFO: [ app_init ] --END-- [ RunTime:0.000000s ]
INFO: [ app_begin ] --START--
INFO: Run Behavior\ReadHtmlCacheBehavior [ RunTime:0.000000s ]
INFO: [ app_begin ] --END-- [ RunTime:0.000000s ]
SQL: SHOW COLUMNS FROM `user_bank_card` [ RunTime:0.0170s ]
INFO: [ app_end ] --START--
INFO: Run Behavior\ShowPageTraceBehavior [ RunTime:0.001000s ]
INFO: [ app_end ] --END-- [ RunTime:0.001000s ]
NOTIC: [8] A session had already been started - ignoring session_start() D:\ZendServer\Apache2\htdocs\index.php 第 32 行.

[ 2015-03-24T16:41:57+08:00 ] 127.0.0.1 /Test/index?card_no=13245654654655&card_from=%E4%B8%AD%E5%9B%BD%E9%93%B6%E8%A1%8C
INFO: [ app_init ] --START--
INFO: Run Behavior\BuildLiteBehavior [ RunTime:0.000000s ]
INFO: [ app_init ] --END-- [ RunTime:0.000000s ]
INFO: [ app_begin ] --START--
INFO: Run Behavior\ReadHtmlCacheBehavior [ RunTime:0.000000s ]
INFO: [ app_begin ] --END-- [ RunTime:0.000000s ]
SQL: SHOW COLUMNS FROM `user_bank_card` [ RunTime:0.0160s ]
ERR: SQLSTATE[23000]: Integrity constraint violation: 1062 Duplicata du champ '0' pour la clef 'PRIMARY'

[ 2015-03-24T16:42:02+08:00 ] 127.0.0.1 /Test/index?card_no=13245654654655&card_from=%E4%B8%AD%E5%9B%BD%E9%93%B6%E8%A1%8C
INFO: [ app_init ] --START--
INFO: Run Behavior\BuildLiteBehavior [ RunTime:0.000000s ]
INFO: [ app_init ] --END-- [ RunTime:0.000000s ]
INFO: [ app_begin ] --START--
INFO: Run Behavior\ReadHtmlCacheBehavior [ RunTime:0.000000s ]
INFO: [ app_begin ] --END-- [ RunTime:0.000000s ]
SQL: SHOW COLUMNS FROM `user_bank_card` [ RunTime:0.0170s ]
ERR: SQLSTATE[23000]: Integrity constraint violation: 1062 Duplicata du champ '0' pour la clef 'PRIMARY'

[ 2015-03-24T16:42:12+08:00 ] 127.0.0.1 /Test/index?card_no=13245654654655&card_from=%E4%B8%AD%E5%9B%BD%E9%93%B6%E8%A1%8C%E8%AF%95%E8%AF%95
INFO: [ app_init ] --START--
INFO: Run Behavior\BuildLiteBehavior [ RunTime:0.000000s ]
INFO: [ app_init ] --END-- [ RunTime:0.000000s ]
INFO: [ app_begin ] --START--
INFO: Run Behavior\ReadHtmlCacheBehavior [ RunTime:0.000000s ]
INFO: [ app_begin ] --END-- [ RunTime:0.000000s ]
SQL: SHOW COLUMNS FROM `user_bank_card` [ RunTime:0.0360s ]
ERR: SQLSTATE[23000]: Integrity constraint violation: 1062 Duplicata du champ '0' pour la clef 'PRIMARY'

[ 2015-03-24T16:42:57+08:00 ] 127.0.0.1 /Test/index?card_no=13245654654655&card_from=%E4%B8%AD%E5%9B%BD%E9%93%B6%E8%A1%8C%E8%AF%95%E8%AF%95
INFO: [ app_init ] --START--
INFO: Run Behavior\BuildLiteBehavior [ RunTime:0.000000s ]
INFO: [ app_init ] --END-- [ RunTime:0.000000s ]
INFO: [ app_begin ] --START--
INFO: Run Behavior\ReadHtmlCacheBehavior [ RunTime:0.001000s ]
INFO: [ app_begin ] --END-- [ RunTime:0.001000s ]
SQL: SHOW COLUMNS FROM `user_bank_card` [ RunTime:0.0370s ]
ERR: SQLSTATE[23000]: Integrity constraint violation: 1062 Duplicata du champ '0' pour la clef 'PRIMARY'

[ 2015-03-24T16:43:36+08:00 ] 127.0.0.1 /Test/index?card_no=13245654654655&card_from=%E4%B8%AD%E5%9B%BD%E9%93%B6%E8%A1%8C%E8%AF%95%E8%AF%95
INFO: [ app_init ] --START--
INFO: Run Behavior\BuildLiteBehavior [ RunTime:0.000000s ]
INFO: [ app_init ] --END-- [ RunTime:0.000000s ]
INFO: [ app_begin ] --START--
INFO: Run Behavior\ReadHtmlCacheBehavior [ RunTime:0.000000s ]
INFO: [ app_begin ] --END-- [ RunTime:0.000000s ]
SQL: SHOW COLUMNS FROM `user_bank_card` [ RunTime:0.0180s ]
SQL: INSERT INTO `user_bank_card` (`card_no`,`card_from`,`user_id`) VALUES ('13245654654655','中国银行试试','5') [ RunTime:0.0280s ]
INFO: [ app_end ] --START--
INFO: Run Behavior\ShowPageTraceBehavior [ RunTime:0.000000s ]
INFO: [ app_end ] --END-- [ RunTime:0.000000s ]
NOTIC: [8] A session had already been started - ignoring session_start() D:\ZendServer\Apache2\htdocs\index.php 第 32 行.

[ 2015-03-24T16:45:25+08:00 ] 127.0.0.1 /Test/index?card_no=13245654654655&card_from=%E4%B8%AD%E5%9B%BD%E9%93%B6%E8%A1%8C%E8%AF%95%E8%AF%95
INFO: [ app_init ] --START--
INFO: Run Behavior\BuildLiteBehavior [ RunTime:0.000000s ]
INFO: [ app_init ] --END-- [ RunTime:0.000000s ]
INFO: [ app_begin ] --START--
INFO: Run Behavior\ReadHtmlCacheBehavior [ RunTime:0.000000s ]
INFO: [ app_begin ] --END-- [ RunTime:0.000000s ]
SQL: SHOW COLUMNS FROM `user_evaluation` [ RunTime:0.0180s ]
NOTIC: [8] Undefined index: observer_id D:\ZendServer\Apache2\htdocs\ThinkPHP\Library\Think\Model.class.php 第 1361 行.
INFO: [ app_end ] --START--
INFO: Run Behavior\ShowPageTraceBehavior [ RunTime:0.000000s ]
INFO: [ app_end ] --END-- [ RunTime:0.000000s ]
NOTIC: [8] A session had already been started - ignoring session_start() D:\ZendServer\Apache2\htdocs\index.php 第 32 行.

[ 2015-03-24T16:46:50+08:00 ] 127.0.0.1 /Test/index?observer_id=12&level=5&description=%E6%98%AF%E7%9A%84%E6%92%92%E5%8A%A0%E5%A4%A7%E5%8F%B7%E5%8F%AB%E9%98%BF%E6%96%AF%E9%A1%BF%E5%8F%91%E8%B4%A7
INFO: [ app_init ] --START--
INFO: Run Behavior\BuildLiteBehavior [ RunTime:0.000000s ]
INFO: [ app_init ] --END-- [ RunTime:0.001000s ]
INFO: [ app_begin ] --START--
INFO: Run Behavior\ReadHtmlCacheBehavior [ RunTime:0.000000s ]
INFO: [ app_begin ] --END-- [ RunTime:0.001000s ]
SQL: SHOW COLUMNS FROM `user_evaluation` [ RunTime:0.0180s ]
SQL: INSERT INTO `user_evaluation` (`observer_id`,`level`,`description`,`user_id`) VALUES ('12','5','是的撒加大号叫阿斯顿发货','5') [ RunTime:0.0280s ]
INFO: [ app_end ] --START--
INFO: Run Behavior\ShowPageTraceBehavior [ RunTime:0.000000s ]
INFO: [ app_end ] --END-- [ RunTime:0.001001s ]
NOTIC: [8] A session had already been started - ignoring session_start() D:\ZendServer\Apache2\htdocs\index.php 第 32 行.

[ 2015-03-24T16:49:10+08:00 ] 127.0.0.1 /Test/index?observer_id=12&level=5&description=%E6%98%AF
INFO: [ app_init ] --START--
INFO: Run Behavior\BuildLiteBehavior [ RunTime:0.000000s ]
INFO: [ app_init ] --END-- [ RunTime:0.000000s ]
INFO: [ app_begin ] --START--
INFO: Run Behavior\ReadHtmlCacheBehavior [ RunTime:0.000000s ]
INFO: [ app_begin ] --END-- [ RunTime:0.000000s ]
SQL: SHOW COLUMNS FROM `user_evaluation` [ RunTime:0.0170s ]
INFO: [ app_end ] --START--
INFO: Run Behavior\ShowPageTraceBehavior [ RunTime:0.000000s ]
INFO: [ app_end ] --END-- [ RunTime:0.000000s ]
NOTIC: [8] A session had already been started - ignoring session_start() D:\ZendServer\Apache2\htdocs\index.php 第 32 行.

[ 2015-03-24T16:49:21+08:00 ] 127.0.0.1 /Test/index?observer_id=12&level=5&description=%E6%98%AF%E4%BA%8B%E5%AE%9E%E4%B8%8A%E6%98%AF%E6%98%AF%E6%98%AF%E6%98%AF%E6%98%AF%E6%98%AF
INFO: [ app_init ] --START--
INFO: Run Behavior\BuildLiteBehavior [ RunTime:0.000000s ]
INFO: [ app_init ] --END-- [ RunTime:0.000000s ]
INFO: [ app_begin ] --START--
INFO: Run Behavior\ReadHtmlCacheBehavior [ RunTime:0.000000s ]
INFO: [ app_begin ] --END-- [ RunTime:0.000000s ]
SQL: SHOW COLUMNS FROM `user_evaluation` [ RunTime:0.0170s ]
SQL: INSERT INTO `user_evaluation` (`observer_id`,`level`,`description`,`user_id`) VALUES ('12','5','是事实上是是是是是是','5') [ RunTime:0.0370s ]
INFO: [ app_end ] --START--
INFO: Run Behavior\ShowPageTraceBehavior [ RunTime:0.000000s ]
INFO: [ app_end ] --END-- [ RunTime:0.000000s ]
NOTIC: [8] A session had already been started - ignoring session_start() D:\ZendServer\Apache2\htdocs\index.php 第 32 行.

[ 2015-03-24T16:49:25+08:00 ] 127.0.0.1 /Test/index?observer_id=12&level=5&description=%E6%98%AF%E4%BA%8B%E5%AE%9E%E4%B8%8A%E6%98%AF%E6%98%AF%E6%98%AF%E6%98%AF%E6%98%AF%E6%98%AF%E6%98%AF%E6%98%AF%E6%98%AF
INFO: [ app_init ] --START--
INFO: Run Behavior\BuildLiteBehavior [ RunTime:0.000000s ]
INFO: [ app_init ] --END-- [ RunTime:0.000000s ]
INFO: [ app_begin ] --START--
INFO: Run Behavior\ReadHtmlCacheBehavior [ RunTime:0.000000s ]
INFO: [ app_begin ] --END-- [ RunTime:0.001000s ]
SQL: SHOW COLUMNS FROM `user_evaluation` [ RunTime:0.0200s ]
SQL: INSERT INTO `user_evaluation` (`observer_id`,`level`,`description`,`user_id`) VALUES ('12','5','是事实上是是是是是是是是是','5') [ RunTime:0.0290s ]
INFO: [ app_end ] --START--
INFO: Run Behavior\ShowPageTraceBehavior [ RunTime:0.000000s ]
INFO: [ app_end ] --END-- [ RunTime:0.000000s ]
NOTIC: [8] A session had already been started - ignoring session_start() D:\ZendServer\Apache2\htdocs\index.php 第 32 行.

[ 2015-03-24T16:52:39+08:00 ] 127.0.0.1 /Test/index?observer_id=aa&level=5&description=%E6%98%AF%E4%BA%8B%E5%AE%9E%E4%B8%8A%E6%98%AF%E6%98%AF%E6%98%AF%E6%98%AF%E6%98%AF%E6%98%AF%E6%98%AF%E6%98%AF%E6%98%AF
INFO: [ app_init ] --START--
INFO: Run Behavior\BuildLiteBehavior [ RunTime:0.000000s ]
INFO: [ app_init ] --END-- [ RunTime:0.000000s ]
INFO: [ app_begin ] --START--
INFO: Run Behavior\ReadHtmlCacheBehavior [ RunTime:0.000000s ]
INFO: [ app_begin ] --END-- [ RunTime:0.000000s ]
SQL: SHOW COLUMNS FROM `user_requirement` [ RunTime:0.0170s ]
NOTIC: [8] Undefined index: title D:\ZendServer\Apache2\htdocs\ThinkPHP\Library\Think\Model.class.php 第 1361 行.
INFO: [ app_end ] --START--
INFO: Run Behavior\ShowPageTraceBehavior [ RunTime:0.000000s ]
INFO: [ app_end ] --END-- [ RunTime:0.000000s ]
NOTIC: [8] A session had already been started - ignoring session_start() D:\ZendServer\Apache2\htdocs\index.php 第 32 行.

[ 2015-03-24T16:53:18+08:00 ] 127.0.0.1 /Test/index?title=%E6%98%AF%E7%9A%84%E5%93%88%E6%92%92%E7%94%B5%E8%AF%9D&description=%E5%8D%81%E5%A4%A7%E7%A7%91%E6%8A%80%E6%B4%BB%E5%8A%A8%E6%95%99%E6%A1%88%E5%BC%80%E5%A7%8B%E6%94%BE%E5%A5%BD%E4%B9%85%E5%8F%91%E7%9A%84%E8%AF%B4%E6%B3%95
INFO: [ app_init ] --START--
INFO: Run Behavior\BuildLiteBehavior [ RunTime:0.000000s ]
INFO: [ app_init ] --END-- [ RunTime:0.000000s ]
INFO: [ app_begin ] --START--
INFO: Run Behavior\ReadHtmlCacheBehavior [ RunTime:0.001000s ]
INFO: [ app_begin ] --END-- [ RunTime:0.001000s ]
SQL: SHOW COLUMNS FROM `user_requirement` [ RunTime:0.0180s ]
SQL: INSERT INTO `user_requirement` (`title`,`description`,`user_id`) VALUES ('是的哈撒电话','十大科技活动教案开始放好久发的说法','5') [ RunTime:0.0150s ]
INFO: [ app_end ] --START--
INFO: Run Behavior\ShowPageTraceBehavior [ RunTime:0.001000s ]
INFO: [ app_end ] --END-- [ RunTime:0.001000s ]
NOTIC: [8] A session had already been started - ignoring session_start() D:\ZendServer\Apache2\htdocs\index.php 第 32 行.

[ 2015-03-24T16:53:26+08:00 ] 127.0.0.1 /Test/index?title=%E6%98%AF&description=%E5%8D%81%E5%A4%A7%E7%A7%91%E6%8A%80%E6%B4%BB%E5%8A%A8%E6%95%99%E6%A1%88%E5%BC%80%E5%A7%8B%E6%94%BE%E5%A5%BD%E4%B9%85%E5%8F%91%E7%9A%84%E8%AF%B4%E6%B3%95
INFO: [ app_init ] --START--
INFO: Run Behavior\BuildLiteBehavior [ RunTime:0.000000s ]
INFO: [ app_init ] --END-- [ RunTime:0.001000s ]
INFO: [ app_begin ] --START--
INFO: Run Behavior\ReadHtmlCacheBehavior [ RunTime:0.001001s ]
INFO: [ app_begin ] --END-- [ RunTime:0.001001s ]
SQL: SHOW COLUMNS FROM `user_requirement` [ RunTime:0.0170s ]
INFO: [ app_end ] --START--
INFO: Run Behavior\ShowPageTraceBehavior [ RunTime:0.000000s ]
INFO: [ app_end ] --END-- [ RunTime:0.000000s ]
NOTIC: [8] A session had already been started - ignoring session_start() D:\ZendServer\Apache2\htdocs\index.php 第 32 行.

[ 2015-03-24T16:53:43+08:00 ] 127.0.0.1 /Test/index?title=%E6%98%AF%E6%98%AF%E6%98%AF%E6%98%AF&description=%E5%8D%81%E5%A4%A7%E7%A7%91%E6%8A%80%E6%B4%BB%E5%8A%A8%E6%95%99%E6%A1%88%E5%BC%80%E5%A7%8B%E6%94%BE%E5%A5%BD%E4%B9%85%E5%8F%91%E7%9A%84%E8%AF%B4%E6%B3%95
INFO: [ app_init ] --START--
INFO: Run Behavior\BuildLiteBehavior [ RunTime:0.000000s ]
INFO: [ app_init ] --END-- [ RunTime:0.000000s ]
INFO: [ app_begin ] --START--
INFO: Run Behavior\ReadHtmlCacheBehavior [ RunTime:0.000000s ]
INFO: [ app_begin ] --END-- [ RunTime:0.000000s ]
SQL: SHOW COLUMNS FROM `user_requirement` [ RunTime:0.0380s ]
SQL: INSERT INTO `user_requirement` (`title`,`description`,`user_id`) VALUES ('是是是是','十大科技活动教案开始放好久发的说法','5') [ RunTime:0.0310s ]
INFO: [ app_end ] --START--
INFO: Run Behavior\ShowPageTraceBehavior [ RunTime:0.001000s ]
INFO: [ app_end ] --END-- [ RunTime:0.001000s ]
NOTIC: [8] A session had already been started - ignoring session_start() D:\ZendServer\Apache2\htdocs\index.php 第 32 行.

[ 2015-03-24T16:53:49+08:00 ] 127.0.0.1 /Test/index?title=%E6%98%AF%E6%98%AF%E6%98%AF%E6%98%AF&description=%E5%8D%81%E5%A4%A7
INFO: [ app_init ] --START--
INFO: Run Behavior\BuildLiteBehavior [ RunTime:0.000000s ]
INFO: [ app_init ] --END-- [ RunTime:0.000000s ]
INFO: [ app_begin ] --START--
INFO: Run Behavior\ReadHtmlCacheBehavior [ RunTime:0.000000s ]
INFO: [ app_begin ] --END-- [ RunTime:0.000000s ]
SQL: SHOW COLUMNS FROM `user_requirement` [ RunTime:0.0170s ]
INFO: [ app_end ] --START--
INFO: Run Behavior\ShowPageTraceBehavior [ RunTime:0.000000s ]
INFO: [ app_end ] --END-- [ RunTime:0.000000s ]
NOTIC: [8] A session had already been started - ignoring session_start() D:\ZendServer\Apache2\htdocs\index.php 第 32 行.

[ 2015-03-24T16:53:57+08:00 ] 127.0.0.1 /Test/index?title=22&description=%E5%8D%81%E5%A4%A7%E7%A7%91%E6%8A%80%E6%B4%BB%E5%8A%A8%E6%95%99%E6%A1%88%E5%BC%80%E5%A7%8B%E6%94%BE%E5%A5%BD%E4%B9%85%E5%8F%91%E7%9A%84%E8%AF%B4%E6%B3%95
INFO: [ app_init ] --START--
INFO: Run Behavior\BuildLiteBehavior [ RunTime:0.000000s ]
INFO: [ app_init ] --END-- [ RunTime:0.001000s ]
INFO: [ app_begin ] --START--
INFO: Run Behavior\ReadHtmlCacheBehavior [ RunTime:0.001000s ]
INFO: [ app_begin ] --END-- [ RunTime:0.001000s ]
SQL: SHOW COLUMNS FROM `user_requirement` [ RunTime:0.0170s ]
INFO: [ app_end ] --START--
INFO: Run Behavior\ShowPageTraceBehavior [ RunTime:0.000000s ]
INFO: [ app_end ] --END-- [ RunTime:0.000000s ]
NOTIC: [8] A session had already been started - ignoring session_start() D:\ZendServer\Apache2\htdocs\index.php 第 32 行.

